current directory: /home/gavrel/code/Adramelech69210/airbnbeat/airbnbeat/''/gems/rbs-3.8.1/ext/rbs_extension
/home/gavrel/.rbenv/versions/3.3.5/bin/ruby extconf.rb
checking for whether -std=gnu99 is accepted as CFLAGS... yes
creating Makefile

current directory: /home/gavrel/code/Adramelech69210/airbnbeat/airbnbeat/''/gems/rbs-3.8.1/ext/rbs_extension
make DESTDIR\= sitearchdir\=./.gem.20250306-511905-wqe36b sitelibdir\=./.gem.20250306-511905-wqe36b clean

current directory: /home/gavrel/code/Adramelech69210/airbnbeat/airbnbeat/''/gems/rbs-3.8.1/ext/rbs_extension
make DESTDIR\= sitearchdir\=./.gem.20250306-511905-wqe36b sitelibdir\=./.gem.20250306-511905-wqe36b
compiling ./../../src/constants.c
compiling ./../../src/ruby_objs.c
compiling lexer.c
compiling lexstate.c
compiling location.c
compiling main.c
compiling parser.c
compiling parserstate.c
compiling unescape.c
linking shared-object rbs_extension.so

current directory: /home/gavrel/code/Adramelech69210/airbnbeat/airbnbeat/''/gems/rbs-3.8.1/ext/rbs_extension
make DESTDIR\= sitearchdir\=./.gem.20250306-511905-wqe36b sitelibdir\=./.gem.20250306-511905-wqe36b install
/usr/bin/install -c -m 0755 rbs_extension.so ./.gem.20250306-511905-wqe36b

current directory: /home/gavrel/code/Adramelech69210/airbnbeat/airbnbeat/''/gems/rbs-3.8.1/ext/rbs_extension
make DESTDIR\= sitearchdir\=./.gem.20250306-511905-wqe36b sitelibdir\=./.gem.20250306-511905-wqe36b clean
